<?xml version="1.0" encoding="UTF-8"?>
<!-- Generated by org.testng.reporters.JUnitReportReporter -->
<testsuite hostname="Ramyalap" failures="0" tests="1" name="ExplorationTest.FirstTest" time="2.815" errors="0" timestamp="2025-08-20T15:31:25 IST" skipped="0">
  <testcase classname="ExplorationTest.FirstTest" name="SeleniumSubmit" time="2.815"/>
</testsuite> <!-- ExplorationTest.FirstTest -->
